<?xml version="1.0" encoding="UTF-8"?>
<!-- Generated by org.testng.reporters.JUnitReportReporter -->
<testsuite hostname="Kavithas-MacBook-Air.local" failures="0" tests="3" name="com.testng.project.tests.Dataproviders1" time="22.701" errors="0" timestamp="2025-07-10T01:12:28 CEST" skipped="0">
  <testcase classname="com.testng.project.tests.Dataproviders1" name="LoginVerifyData" time="7.809"/>
  <testcase classname="com.testng.project.tests.Dataproviders1" name="LoginVerifyData" time="7.381"/>
  <testcase classname="com.testng.project.tests.Dataproviders1" name="LoginVerifyData" time="7.511"/>
</testsuite> <!-- com.testng.project.tests.Dataproviders1 -->
